=== Run information ===

Scheme:       weka.classifiers.functions.LinearRegression -S 0 -R 1.0E-8 -num-decimal-places 4
Relation:     albrecht
Instances:    24
Attributes:   8
              Input
              Output
              Inquiry
              File
              FPAdj
              RawFPcounts
              AdjFP
              Effort
Test mode:    split 70.0% train, remainder test

=== Classifier model (full training set) ===


Linear Regression Model

Effort =

      0.1589 * Input +
      0.3321 * Output +
      0.5048 * Inquiry +
      0.3532 * File +
    -14.8689

Time taken to build model: 0 seconds


=== Classifier model for training split (17 instances) ===


Linear Regression Model

Effort =

      0.405  * Output +
     -2.2232
=== Predictions on test split ===

inst#,actual,predicted,error
1,11.8,25.319,13.519
2,10,5.472,-4.528
3,4.1,2.637,-1.463
4,102.4,58.532,-43.868
5,61.2,43.14,-18.06
6,105.2,37.47,-67.73
7,19,22.079,3.079

=== Evaluation on test split ===

Time taken to test model on test split: 0 seconds

=== Summary ===

Correlation coefficient                  0.8613
Mean absolute error                     21.7495
Root mean squared error                 31.7419
Relative absolute error                 61.0278 %
Root relative squared error             60.6106 %
Total Number of Instances                7
